<allUsers>
  <name age="1">qwdqwd</name>
  <password>234232</password>
  <age>1</age>
  <sex>Male</sex>
  <phoneNumber>3434</phoneNumber>
  <imagePath>3434</imagePath>
</allUsers>